<?xml version="1.0" encoding="UTF-8"?>
<robot generator="Robot 5.0.1 (Python 3.10.5 on win32)" generated="20220808 11:38:36.243" rpa="false" schemaversion="3">
<suite id="s1" name="Url" source="C:\Users\Thiago &amp; Fernanda\Documents\Automação\Projeto Particular\Teste de Api exercicio 2\Url.robot">
<test id="s1-t1" name="Exercicio 2" line="8">
<kw name="New Browser" library="Browser">
<arg>chromium</arg>
<arg>False</arg>
<tag>BrowserControl</tag>
<tag>Setter</tag>
<doc>Create a new playwright Browser with specified options.</doc>
<msg timestamp="20220808 11:38:37.657" level="INFO">{"browser": "chromium", "headless": false, "handleSIGINT": true, "handleSIGTERM": true, "handleSIGHUP": true, "timeout": 30000.0, "devtools": false, "slowMo": 0.0, "tracesDir": "C:\\Users\\Thiago &amp; Fernanda\\Documents\\Automa\u00e7\u00e3o\\Projeto Particular\\Teste de Api exercicio 2\\logs\\browser\\traces\\2d0a07c9-e502-4ad2-8c81-6e134edeee26"}</msg>
<msg timestamp="20220808 11:38:38.500" level="INFO">Successfully created browser with options: {"browser":"chromium","headless":false,"handleSIGINT":true,"handleSIGTERM":true,"handleSIGHUP":true,"timeout":30000,"devtools":false,"slowMo":0,"tracesDir":"C:\\Users\\Thiago &amp; Fernanda\\Documents\\Automação\\Projeto Particular\\Teste de Api exercicio 2\\logs\\browser\\traces\\2d0a07c9-e502-4ad2-8c81-6e134edeee26"}</msg>
<status status="PASS" starttime="20220808 11:38:37.656" endtime="20220808 11:38:38.500"/>
</kw>
<kw name="New Page" library="Browser">
<arg>https://www.mirao.com.br/</arg>
<tag>BrowserControl</tag>
<tag>Setter</tag>
<doc>Open a new Page.</doc>
<msg timestamp="20220808 11:38:43.601" level="INFO">Successfully initialized new page object and opened url: https://www.mirao.com.br/</msg>
<msg timestamp="20220808 11:38:43.602" level="INFO">No context was open. New context was automatically opened when this page is created.</msg>
<status status="PASS" starttime="20220808 11:38:38.546" endtime="20220808 11:38:43.602"/>
</kw>
<kw name="Click" library="Browser">
<arg>css=a[class='topHeader_link mconta']</arg>
<tag>PageContent</tag>
<tag>Setter</tag>
<doc>Simulates mouse click on the element found by ``selector``.</doc>
<status status="PASS" starttime="20220808 11:38:43.635" endtime="20220808 11:38:44.643"/>
</kw>
<kw name="Fill Text" library="Browser">
<arg>id=email</arg>
<arg>t2@uorak.com</arg>
<tag>PageContent</tag>
<tag>Setter</tag>
<doc>Clears and fills the given ``txt`` into the text field found by ``selector``.</doc>
<msg timestamp="20220808 11:38:44.645" level="INFO">Fills the text 't2@uorak.com' in the given field.</msg>
<status status="PASS" starttime="20220808 11:38:44.644" endtime="20220808 11:38:45.449"/>
</kw>
<kw name="Fill Text" library="Browser">
<arg>id=pass</arg>
<arg>pwda@1234</arg>
<tag>PageContent</tag>
<tag>Setter</tag>
<doc>Clears and fills the given ``txt`` into the text field found by ``selector``.</doc>
<msg timestamp="20220808 11:38:45.452" level="INFO">Fills the text 'pwda@1234' in the given field.</msg>
<status status="PASS" starttime="20220808 11:38:45.451" endtime="20220808 11:38:45.820"/>
</kw>
<kw name="Click" library="Browser">
<arg>id=send2</arg>
<tag>PageContent</tag>
<tag>Setter</tag>
<doc>Simulates mouse click on the element found by ``selector``.</doc>
<status status="PASS" starttime="20220808 11:38:45.821" endtime="20220808 11:38:47.528"/>
</kw>
<kw name="Fill Text" library="Browser">
<arg>id=search</arg>
<arg>Mouse</arg>
<tag>PageContent</tag>
<tag>Setter</tag>
<doc>Clears and fills the given ``txt`` into the text field found by ``selector``.</doc>
<msg timestamp="20220808 11:38:47.529" level="INFO">Fills the text 'Mouse' in the given field.</msg>
<status status="PASS" starttime="20220808 11:38:47.529" endtime="20220808 11:38:47.735"/>
</kw>
<kw name="Click" library="Browser">
<arg>css=button[class='action search']</arg>
<tag>PageContent</tag>
<tag>Setter</tag>
<doc>Simulates mouse click on the element found by ``selector``.</doc>
<status status="PASS" starttime="20220808 11:38:47.736" endtime="20220808 11:38:48.445"/>
</kw>
<kw name="Click" library="Browser">
<arg>text=Mouse Gamer Óptico Ultraleve Colmeia com Led RGB 03924 - MS-C32</arg>
<tag>PageContent</tag>
<tag>Setter</tag>
<doc>Simulates mouse click on the element found by ``selector``.</doc>
<status status="PASS" starttime="20220808 11:38:48.446" endtime="20220808 11:38:50.241"/>
</kw>
<kw name="Sleep" library="BuiltIn">
<arg>4</arg>
<doc>Pauses the test executed for the given time.</doc>
<msg timestamp="20220808 11:38:54.278" level="INFO">Slept 4 seconds</msg>
<status status="PASS" starttime="20220808 11:38:50.242" endtime="20220808 11:38:54.278"/>
</kw>
<kw name="Fill Text" library="Browser">
<arg>id=qty</arg>
<arg>00</arg>
<tag>PageContent</tag>
<tag>Setter</tag>
<doc>Clears and fills the given ``txt`` into the text field found by ``selector``.</doc>
<msg timestamp="20220808 11:38:54.281" level="INFO">Fills the text '00' in the given field.</msg>
<status status="PASS" starttime="20220808 11:38:54.279" endtime="20220808 11:38:54.387"/>
</kw>
<kw name="Click" library="Browser">
<arg>id=product-addtocart-button</arg>
<tag>PageContent</tag>
<tag>Setter</tag>
<doc>Simulates mouse click on the element found by ``selector``.</doc>
<status status="PASS" starttime="20220808 11:38:54.388" endtime="20220808 11:38:54.537"/>
</kw>
<kw name="Click" library="Browser">
<arg>id=top-cart-btn-checkout</arg>
<tag>PageContent</tag>
<tag>Setter</tag>
<doc>Simulates mouse click on the element found by ``selector``.</doc>
<status status="PASS" starttime="20220808 11:38:54.537" endtime="20220808 11:38:58.255"/>
</kw>
<kw name="Click" library="Browser">
<arg>css=.button action continue primary</arg>
<tag>PageContent</tag>
<tag>Setter</tag>
<doc>Simulates mouse click on the element found by ``selector``.</doc>
<msg timestamp="20220808 11:39:08.471" level="INFO" html="true">&lt;/td&gt;&lt;/tr&gt;&lt;tr&gt;&lt;td colspan="3"&gt;&lt;a href="browser/screenshot/fail-screenshot-1.png"&gt;&lt;img src="browser/screenshot/fail-screenshot-1.png" width="800px"&gt;&lt;/a&gt;</msg>
<msg timestamp="20220808 11:39:08.472" level="FAIL">TimeoutError: locator.click: Timeout 10000ms exceeded.
=========================== logs ===========================
waiting for selector "css=.button action continue primary"
============================================================
Tip: Use "Set Browser Timeout" for increasing the timeout or double check your locator as the targeted element(s) couldn't be found.</msg>
<status status="FAIL" starttime="20220808 11:38:58.258" endtime="20220808 11:39:08.482"/>
</kw>
<status status="FAIL" starttime="20220808 11:38:37.637" endtime="20220808 11:39:08.540">TimeoutError: locator.click: Timeout 10000ms exceeded.
=========================== logs ===========================
waiting for selector "css=.button action continue primary"
============================================================
Tip: Use "Set Browser Timeout" for increasing the timeout or double check your locator as the targeted element(s) couldn't be found.</status>
</test>
<doc>Teste de API Exercicio 2</doc>
<status status="FAIL" starttime="20220808 11:38:36.243" endtime="20220808 11:39:08.776"/>
</suite>
<statistics>
<total>
<stat pass="0" fail="1" skip="0">All Tests</stat>
</total>
<tag>
</tag>
<suite>
<stat pass="0" fail="1" skip="0" id="s1" name="Url">Url</stat>
</suite>
</statistics>
<errors>
</errors>
</robot>
